<?xml version="1.0" encoding="UTF-8"?>
<!-- Generated by org.testng.reporters.JUnitXMLReporter -->
<testsuite ignored="10" hostname="sivarajs-MacBook-Air.local" failures="3" tests="25" name="Test1" time="457.859" errors="0" timestamp="2024-05-10T14:02:46 IST">
  <testcase classname="testcase.Add_users" name="add_newUsers" time="7.558"/>
  <testcase classname="testcase.Add_users" name="addNewUser" time="10.675"/>
  <testcase classname="testcase.Add_users" name="addNewUser" time="10.692"/>
  <testcase classname="testcase.Add_users" name="addNewUser" time="10.629"/>
  <testcase classname="testcase.Add_organisation" name="add_org" time="2.585"/>
  <testcase classname="testcase.Add_organisation" name="add_organisation" time="23.252"/>
  <testcase classname="testcase.Add_organisation" name="add_organisation" time="22.618"/>
  <testcase classname="testcase.Add_organisation" name="add_organisation" time="22.597"/>
  <testcase classname="testcase.Add_organisation" name="add_organisation" time="22.481"/>
  <testcase classname="testcase.Role_Creation" name="role_creation" time="1.417"/>
  <testcase classname="testcase.Role_Creation" name="roleCreation" time="3.922">
    <failure type="org.openqa.selenium.ElementClickInterceptedException" message="element click intercepted: Element &amp;lt;input class=&amp;quot;PrivateSwitchBase-input css-1m9pwf3&amp;quot; disabled=&amp;quot;&amp;quot; id=&amp;quot;6&amp;quot; type=&amp;quot;checkbox&amp;quot; data-indeterminate=&amp;quot;false&amp;quot;&amp;gt; is not clickable at point (971, 610). Other element would receive the click: &amp;lt;div class=&amp;quot;bg-light-card text-light-copy  border-light-700 py-[20px] space-x-2 px-[30px] sticky left-0 right-0 bottom-0 shadow-[0px_4px_20px_rgba(85,85,85,0.2)]  border-t-[1px] rounded-b-[8px]&amp;quot;&amp;gt;...&amp;lt;/div&amp;gt;
  (Session info: chrome=124.0.6367.156)
Build info: version: &amp;apos;3.141.59&amp;apos;, revision: &amp;apos;e82be7d358&amp;apos;, time: &amp;apos;2018-11-14T08:17:03&amp;apos;
System info: host: &amp;apos;sivarajs-MacBook-Air.local&amp;apos;, ip: &amp;apos;fe80:0:0:0:8bf:3216:2d43:1b66%en0&amp;apos;, os.name: &amp;apos;Mac OS X&amp;apos;, os.arch: &amp;apos;aarch64&amp;apos;, os.version: &amp;apos;13.5.2&amp;apos;, java.version: &amp;apos;17.0.5&amp;apos;
Driver info: org.openqa.selenium.chrome.ChromeDriver
Capabilities {acceptInsecureCerts: false, browserName: chrome, browserVersion: 124.0.6367.156, chrome: {chromedriverVersion: 124.0.6367.201 (46cf136d27d..., userDataDir: /var/folders/dt/60xjg_xj33b...}, fedcm:accounts: true, goog:chromeOptions: {debuggerAddress: localhost:61070}, javascriptEnabled: true, networkConnectionEnabled: false, pageLoadStrategy: normal, platform: MAC, platformName: MAC, proxy: Proxy(), setWindowRect: true, strictFileInteractability: false, timeouts: {implicit: 0, pageLoad: 300000, script: 30000}, unhandledPromptBehavior: dismiss and notify, webauthn:extension:credBlob: true, webauthn:extension:largeBlob: true, webauthn:extension:minPinLength: true, webauthn:extension:prf: true, webauthn:virtualAuthenticators: true}
Session ID: 9fde6c403043bfb1dc02da9b2bc5fdf0">
      <![CDATA[org.openqa.selenium.ElementClickInterceptedException: element click intercepted: Element <input class="PrivateSwitchBase-input css-1m9pwf3" disabled="" id="6" type="checkbox" data-indeterminate="false"> is not clickable at point (971, 610). Other element would receive the click: <div class="bg-light-card text-light-copy  border-light-700 py-[20px] space-x-2 px-[30px] sticky left-0 right-0 bottom-0 shadow-[0px_4px_20px_rgba(85,85,85,0.2)]  border-t-[1px] rounded-b-[8px]">...</div>
  (Session info: chrome=124.0.6367.156)
Build info: version: '3.141.59', revision: 'e82be7d358', time: '2018-11-14T08:17:03'
System info: host: 'sivarajs-MacBook-Air.local', ip: 'fe80:0:0:0:8bf:3216:2d43:1b66%en0', os.name: 'Mac OS X', os.arch: 'aarch64', os.version: '13.5.2', java.version: '17.0.5'
Driver info: org.openqa.selenium.chrome.ChromeDriver
Capabilities {acceptInsecureCerts: false, browserName: chrome, browserVersion: 124.0.6367.156, chrome: {chromedriverVersion: 124.0.6367.201 (46cf136d27d..., userDataDir: /var/folders/dt/60xjg_xj33b...}, fedcm:accounts: true, goog:chromeOptions: {debuggerAddress: localhost:61070}, javascriptEnabled: true, networkConnectionEnabled: false, pageLoadStrategy: normal, platform: MAC, platformName: MAC, proxy: Proxy(), setWindowRect: true, strictFileInteractability: false, timeouts: {implicit: 0, pageLoad: 300000, script: 30000}, unhandledPromptBehavior: dismiss and notify, webauthn:extension:credBlob: true, webauthn:extension:largeBlob: true, webauthn:extension:minPinLength: true, webauthn:extension:prf: true, webauthn:virtualAuthenticators: true}
Session ID: 9fde6c403043bfb1dc02da9b2bc5fdf0
at org.openqa.selenium.remote.http.W3CHttpResponseCodec.createException(W3CHttpResponseCodec.java:187)
at org.openqa.selenium.remote.http.W3CHttpResponseCodec.decode(W3CHttpResponseCodec.java:122)
at org.openqa.selenium.remote.http.W3CHttpResponseCodec.decode(W3CHttpResponseCodec.java:49)
at org.openqa.selenium.remote.HttpCommandExecutor.execute(HttpCommandExecutor.java:158)
at org.openqa.selenium.remote.service.DriverCommandExecutor.execute(DriverCommandExecutor.java:83)
at org.openqa.selenium.remote.RemoteWebDriver.execute(RemoteWebDriver.java:552)
at org.openqa.selenium.remote.RemoteWebElement.execute(RemoteWebElement.java:285)
at org.openqa.selenium.remote.RemoteWebElement.click(RemoteWebElement.java:84)
at org.openqa.selenium.support.pagefactory.internal.LocatingElementHandler.invoke(LocatingElementHandler.java:51)
at jdk.proxy2/jdk.proxy2.$Proxy14.click(Unknown Source)
at pageObjects.RoleCreation.roleDescription(RoleCreation.java:162)
at testcase.Role_Creation.roleCreation(Role_Creation.java:36)
at java.base/java.util.ArrayList.forEach(ArrayList.java:1511)
... Removed 35 stack frames]]>
    </failure>
  </testcase> <!-- roleCreation -->
  <testcase classname="testcase.Role_Creation" name="roleCreation" time="10.864">
    <failure type="org.openqa.selenium.ElementClickInterceptedException" message="element click intercepted: Element &amp;lt;input class=&amp;quot;PrivateSwitchBase-input css-1m9pwf3&amp;quot; disabled=&amp;quot;&amp;quot; id=&amp;quot;6&amp;quot; type=&amp;quot;checkbox&amp;quot; data-indeterminate=&amp;quot;false&amp;quot;&amp;gt; is not clickable at point (971, 610). Other element would receive the click: &amp;lt;div class=&amp;quot;bg-light-card text-light-copy  border-light-700 py-[20px] space-x-2 px-[30px] sticky left-0 right-0 bottom-0 shadow-[0px_4px_20px_rgba(85,85,85,0.2)]  border-t-[1px] rounded-b-[8px]&amp;quot;&amp;gt;...&amp;lt;/div&amp;gt;
  (Session info: chrome=124.0.6367.156)
Build info: version: &amp;apos;3.141.59&amp;apos;, revision: &amp;apos;e82be7d358&amp;apos;, time: &amp;apos;2018-11-14T08:17:03&amp;apos;
System info: host: &amp;apos;sivarajs-MacBook-Air.local&amp;apos;, ip: &amp;apos;fe80:0:0:0:8bf:3216:2d43:1b66%en0&amp;apos;, os.name: &amp;apos;Mac OS X&amp;apos;, os.arch: &amp;apos;aarch64&amp;apos;, os.version: &amp;apos;13.5.2&amp;apos;, java.version: &amp;apos;17.0.5&amp;apos;
Driver info: org.openqa.selenium.chrome.ChromeDriver
Capabilities {acceptInsecureCerts: false, browserName: chrome, browserVersion: 124.0.6367.156, chrome: {chromedriverVersion: 124.0.6367.201 (46cf136d27d..., userDataDir: /var/folders/dt/60xjg_xj33b...}, fedcm:accounts: true, goog:chromeOptions: {debuggerAddress: localhost:61070}, javascriptEnabled: true, networkConnectionEnabled: false, pageLoadStrategy: normal, platform: MAC, platformName: MAC, proxy: Proxy(), setWindowRect: true, strictFileInteractability: false, timeouts: {implicit: 0, pageLoad: 300000, script: 30000}, unhandledPromptBehavior: dismiss and notify, webauthn:extension:credBlob: true, webauthn:extension:largeBlob: true, webauthn:extension:minPinLength: true, webauthn:extension:prf: true, webauthn:virtualAuthenticators: true}
Session ID: 9fde6c403043bfb1dc02da9b2bc5fdf0">
      <![CDATA[org.openqa.selenium.ElementClickInterceptedException: element click intercepted: Element <input class="PrivateSwitchBase-input css-1m9pwf3" disabled="" id="6" type="checkbox" data-indeterminate="false"> is not clickable at point (971, 610). Other element would receive the click: <div class="bg-light-card text-light-copy  border-light-700 py-[20px] space-x-2 px-[30px] sticky left-0 right-0 bottom-0 shadow-[0px_4px_20px_rgba(85,85,85,0.2)]  border-t-[1px] rounded-b-[8px]">...</div>
  (Session info: chrome=124.0.6367.156)
Build info: version: '3.141.59', revision: 'e82be7d358', time: '2018-11-14T08:17:03'
System info: host: 'sivarajs-MacBook-Air.local', ip: 'fe80:0:0:0:8bf:3216:2d43:1b66%en0', os.name: 'Mac OS X', os.arch: 'aarch64', os.version: '13.5.2', java.version: '17.0.5'
Driver info: org.openqa.selenium.chrome.ChromeDriver
Capabilities {acceptInsecureCerts: false, browserName: chrome, browserVersion: 124.0.6367.156, chrome: {chromedriverVersion: 124.0.6367.201 (46cf136d27d..., userDataDir: /var/folders/dt/60xjg_xj33b...}, fedcm:accounts: true, goog:chromeOptions: {debuggerAddress: localhost:61070}, javascriptEnabled: true, networkConnectionEnabled: false, pageLoadStrategy: normal, platform: MAC, platformName: MAC, proxy: Proxy(), setWindowRect: true, strictFileInteractability: false, timeouts: {implicit: 0, pageLoad: 300000, script: 30000}, unhandledPromptBehavior: dismiss and notify, webauthn:extension:credBlob: true, webauthn:extension:largeBlob: true, webauthn:extension:minPinLength: true, webauthn:extension:prf: true, webauthn:virtualAuthenticators: true}
Session ID: 9fde6c403043bfb1dc02da9b2bc5fdf0
at org.openqa.selenium.remote.http.W3CHttpResponseCodec.createException(W3CHttpResponseCodec.java:187)
at org.openqa.selenium.remote.http.W3CHttpResponseCodec.decode(W3CHttpResponseCodec.java:122)
at org.openqa.selenium.remote.http.W3CHttpResponseCodec.decode(W3CHttpResponseCodec.java:49)
at org.openqa.selenium.remote.HttpCommandExecutor.execute(HttpCommandExecutor.java:158)
at org.openqa.selenium.remote.service.DriverCommandExecutor.execute(DriverCommandExecutor.java:83)
at org.openqa.selenium.remote.RemoteWebDriver.execute(RemoteWebDriver.java:552)
at org.openqa.selenium.remote.RemoteWebElement.execute(RemoteWebElement.java:285)
at org.openqa.selenium.remote.RemoteWebElement.click(RemoteWebElement.java:84)
at org.openqa.selenium.support.pagefactory.internal.LocatingElementHandler.invoke(LocatingElementHandler.java:51)
at jdk.proxy2/jdk.proxy2.$Proxy14.click(Unknown Source)
at pageObjects.RoleCreation.roleDescription(RoleCreation.java:143)
at testcase.Role_Creation.roleCreation(Role_Creation.java:36)
at java.base/java.util.ArrayList.forEach(ArrayList.java:1511)
... Removed 35 stack frames]]>
    </failure>
  </testcase> <!-- roleCreation -->
  <testcase classname="testcase.Role_Creation" name="roleCreation" time="10.356"/>
  <testcase classname="testcase.Role_Creation" name="roleCreation" time="7.035"/>
  <testcase classname="testcase.Role_Creation" name="roleCreation" time="13.695">
    <failure type="org.openqa.selenium.ElementClickInterceptedException" message="element click intercepted: Element &amp;lt;input class=&amp;quot;PrivateSwitchBase-input css-1m9pwf3&amp;quot; disabled=&amp;quot;&amp;quot; id=&amp;quot;6&amp;quot; type=&amp;quot;checkbox&amp;quot; data-indeterminate=&amp;quot;false&amp;quot;&amp;gt; is not clickable at point (971, 610). Other element would receive the click: &amp;lt;div class=&amp;quot;bg-light-card text-light-copy  border-light-700 py-[20px] space-x-2 px-[30px] sticky left-0 right-0 bottom-0 shadow-[0px_4px_20px_rgba(85,85,85,0.2)]  border-t-[1px] rounded-b-[8px]&amp;quot;&amp;gt;...&amp;lt;/div&amp;gt;
  (Session info: chrome=124.0.6367.156)
Build info: version: &amp;apos;3.141.59&amp;apos;, revision: &amp;apos;e82be7d358&amp;apos;, time: &amp;apos;2018-11-14T08:17:03&amp;apos;
System info: host: &amp;apos;sivarajs-MacBook-Air.local&amp;apos;, ip: &amp;apos;fe80:0:0:0:8bf:3216:2d43:1b66%en0&amp;apos;, os.name: &amp;apos;Mac OS X&amp;apos;, os.arch: &amp;apos;aarch64&amp;apos;, os.version: &amp;apos;13.5.2&amp;apos;, java.version: &amp;apos;17.0.5&amp;apos;
Driver info: org.openqa.selenium.chrome.ChromeDriver
Capabilities {acceptInsecureCerts: false, browserName: chrome, browserVersion: 124.0.6367.156, chrome: {chromedriverVersion: 124.0.6367.201 (46cf136d27d..., userDataDir: /var/folders/dt/60xjg_xj33b...}, fedcm:accounts: true, goog:chromeOptions: {debuggerAddress: localhost:61070}, javascriptEnabled: true, networkConnectionEnabled: false, pageLoadStrategy: normal, platform: MAC, platformName: MAC, proxy: Proxy(), setWindowRect: true, strictFileInteractability: false, timeouts: {implicit: 0, pageLoad: 300000, script: 30000}, unhandledPromptBehavior: dismiss and notify, webauthn:extension:credBlob: true, webauthn:extension:largeBlob: true, webauthn:extension:minPinLength: true, webauthn:extension:prf: true, webauthn:virtualAuthenticators: true}
Session ID: 9fde6c403043bfb1dc02da9b2bc5fdf0">
      <![CDATA[org.openqa.selenium.ElementClickInterceptedException: element click intercepted: Element <input class="PrivateSwitchBase-input css-1m9pwf3" disabled="" id="6" type="checkbox" data-indeterminate="false"> is not clickable at point (971, 610). Other element would receive the click: <div class="bg-light-card text-light-copy  border-light-700 py-[20px] space-x-2 px-[30px] sticky left-0 right-0 bottom-0 shadow-[0px_4px_20px_rgba(85,85,85,0.2)]  border-t-[1px] rounded-b-[8px]">...</div>
  (Session info: chrome=124.0.6367.156)
Build info: version: '3.141.59', revision: 'e82be7d358', time: '2018-11-14T08:17:03'
System info: host: 'sivarajs-MacBook-Air.local', ip: 'fe80:0:0:0:8bf:3216:2d43:1b66%en0', os.name: 'Mac OS X', os.arch: 'aarch64', os.version: '13.5.2', java.version: '17.0.5'
Driver info: org.openqa.selenium.chrome.ChromeDriver
Capabilities {acceptInsecureCerts: false, browserName: chrome, browserVersion: 124.0.6367.156, chrome: {chromedriverVersion: 124.0.6367.201 (46cf136d27d..., userDataDir: /var/folders/dt/60xjg_xj33b...}, fedcm:accounts: true, goog:chromeOptions: {debuggerAddress: localhost:61070}, javascriptEnabled: true, networkConnectionEnabled: false, pageLoadStrategy: normal, platform: MAC, platformName: MAC, proxy: Proxy(), setWindowRect: true, strictFileInteractability: false, timeouts: {implicit: 0, pageLoad: 300000, script: 30000}, unhandledPromptBehavior: dismiss and notify, webauthn:extension:credBlob: true, webauthn:extension:largeBlob: true, webauthn:extension:minPinLength: true, webauthn:extension:prf: true, webauthn:virtualAuthenticators: true}
Session ID: 9fde6c403043bfb1dc02da9b2bc5fdf0
at org.openqa.selenium.remote.http.W3CHttpResponseCodec.createException(W3CHttpResponseCodec.java:187)
at org.openqa.selenium.remote.http.W3CHttpResponseCodec.decode(W3CHttpResponseCodec.java:122)
at org.openqa.selenium.remote.http.W3CHttpResponseCodec.decode(W3CHttpResponseCodec.java:49)
at org.openqa.selenium.remote.HttpCommandExecutor.execute(HttpCommandExecutor.java:158)
at org.openqa.selenium.remote.service.DriverCommandExecutor.execute(DriverCommandExecutor.java:83)
at org.openqa.selenium.remote.RemoteWebDriver.execute(RemoteWebDriver.java:552)
at org.openqa.selenium.remote.RemoteWebElement.execute(RemoteWebElement.java:285)
at org.openqa.selenium.remote.RemoteWebElement.click(RemoteWebElement.java:84)
at org.openqa.selenium.support.pagefactory.internal.LocatingElementHandler.invoke(LocatingElementHandler.java:51)
at jdk.proxy2/jdk.proxy2.$Proxy14.click(Unknown Source)
at pageObjects.RoleCreation.roleDescription(RoleCreation.java:170)
at testcase.Role_Creation.roleCreation(Role_Creation.java:36)
at java.base/java.util.ArrayList.forEach(ArrayList.java:1511)
... Removed 35 stack frames]]>
    </failure>
  </testcase> <!-- roleCreation -->
  <testcase classname="testcase.Manual_uploading" name="manual_Uploading" time="27.511"/>
  <testcase classname="testcase.Email_config" name="emailConfig" time="60.778"/>
  <testcase classname="testcase.Target_config" name="targetconfig" time="22.814"/>
  <testcase classname="testcase.Profile_page" name="settingsProfile" time="1.422"/>
  <testcase classname="testcase.Profile_page" name="profilePage" time="6.551"/>
  <testcase classname="testcase.Profile_page" name="profilePage" time="6.89"/>
  <testcase classname="testcase.Profile_page" name="password" time="4.23"/>
  <testcase classname="testcase.Id_Configuration" name="idConfig" time="21.463"/>
  <testcase classname="testcase.Folder_config" name="folderConfig" time="50.344"/>
  <testcase classname="testcase.Invoice_List" name="Invoicelist" time="49.278"/>
  <testcase classname="base.Base_test" name="@AfterTest driverQuit" time="0.0">
    <ignored/>
  </testcase> <!-- @AfterTest driverQuit -->
  <testcase classname="base.Base_test" name="@AfterTest driverQuit" time="0.0">
    <ignored/>
  </testcase> <!-- @AfterTest driverQuit -->
  <testcase classname="base.Base_test" name="@AfterTest driverQuit" time="0.0">
    <ignored/>
  </testcase> <!-- @AfterTest driverQuit -->
  <testcase classname="base.Base_test" name="@AfterTest driverQuit" time="0.0">
    <ignored/>
  </testcase> <!-- @AfterTest driverQuit -->
  <testcase classname="base.Base_test" name="@AfterTest driverQuit" time="0.0">
    <ignored/>
  </testcase> <!-- @AfterTest driverQuit -->
  <testcase classname="base.Base_test" name="@AfterTest driverQuit" time="0.0">
    <ignored/>
  </testcase> <!-- @AfterTest driverQuit -->
  <testcase classname="base.Base_test" name="@AfterTest driverQuit" time="0.0">
    <ignored/>
  </testcase> <!-- @AfterTest driverQuit -->
  <testcase classname="base.Base_test" name="@AfterTest driverQuit" time="0.0">
    <ignored/>
  </testcase> <!-- @AfterTest driverQuit -->
  <testcase classname="base.Base_test" name="@AfterTest driverQuit" time="0.0">
    <ignored/>
  </testcase> <!-- @AfterTest driverQuit -->
  <testcase classname="base.Base_test" name="@AfterTest driverQuit" time="0.0">
    <ignored/>
  </testcase> <!-- @AfterTest driverQuit -->
</testsuite> <!-- Test1 -->
