<?xml version="1.0" encoding="UTF-8"?>
<!-- Generated by org.testng.reporters.JUnitXMLReporter -->
<testsuite ignored="21" hostname="sivarajs-MacBook-Air.local" failures="6" tests="41" name="Test1" time="734.486" errors="0" timestamp="2024-07-10T10:14:40 IST">
  <testcase classname="testcase.Add_users" name="add_newUsers" time="7.275"/>
  <testcase classname="testcase.Add_users" name="addNewUser" time="10.458"/>
  <testcase classname="testcase.Add_users" name="addNewUser" time="10.435"/>
  <testcase classname="testcase.Add_users" name="addNewUser" time="10.441"/>
  <testcase classname="testcase.Add_organisation" name="add_org" time="3.292"/>
  <testcase classname="testcase.Add_organisation" name="add_organisation" time="23.27"/>
  <testcase classname="testcase.Add_organisation" name="add_organisation" time="22.624"/>
  <testcase classname="testcase.Add_organisation" name="add_organisation" time="22.56"/>
  <testcase classname="testcase.Add_organisation" name="add_organisation" time="22.622"/>
  <testcase classname="testcase.User_Update" name="userUpdation" time="19.677">
    <failure type="org.openqa.selenium.NoSuchElementException" message="no such element: Unable to locate element: {&amp;quot;method&amp;quot;:&amp;quot;xpath&amp;quot;,&amp;quot;selector&amp;quot;:&amp;quot;(//input[@id=&amp;apos;DemoA&amp;apos;])[2]&amp;quot;}
  (Session info: chrome=126.0.6478.127)
For documentation on this error, please visit: https://www.seleniumhq.org/exceptions/no_such_element.html
Build info: version: &amp;apos;3.141.59&amp;apos;, revision: &amp;apos;e82be7d358&amp;apos;, time: &amp;apos;2018-11-14T08:17:03&amp;apos;
System info: host: &amp;apos;sivarajs-MacBook-Air.local&amp;apos;, ip: &amp;apos;fe80:0:0:0:1833:886e:a295:eb15%en0&amp;apos;, os.name: &amp;apos;Mac OS X&amp;apos;, os.arch: &amp;apos;aarch64&amp;apos;, os.version: &amp;apos;13.5.2&amp;apos;, java.version: &amp;apos;17.0.5&amp;apos;
Driver info: org.openqa.selenium.chrome.ChromeDriver
Capabilities {acceptInsecureCerts: false, browserName: chrome, browserVersion: 126.0.6478.127, chrome: {chromedriverVersion: 126.0.6478.126 (d36ace6122e..., userDataDir: /var/folders/dt/60xjg_xj33b...}, fedcm:accounts: true, goog:chromeOptions: {debuggerAddress: localhost:50411}, javascriptEnabled: true, networkConnectionEnabled: false, pageLoadStrategy: normal, platform: MAC, platformName: MAC, proxy: Proxy(), setWindowRect: true, strictFileInteractability: false, timeouts: {implicit: 0, pageLoad: 300000, script: 30000}, unhandledPromptBehavior: dismiss and notify, webauthn:extension:credBlob: true, webauthn:extension:largeBlob: true, webauthn:extension:minPinLength: true, webauthn:extension:prf: true, webauthn:virtualAuthenticators: true}
Session ID: a546f056a968ecc93c81b85bd3988b3b
*** Element info: {Using=xpath, value=(//input[@id=&amp;apos;DemoA&amp;apos;])[2]}">
      <![CDATA[org.openqa.selenium.NoSuchElementException: no such element: Unable to locate element: {"method":"xpath","selector":"(//input[@id='DemoA'])[2]"}
  (Session info: chrome=126.0.6478.127)
For documentation on this error, please visit: https://www.seleniumhq.org/exceptions/no_such_element.html
Build info: version: '3.141.59', revision: 'e82be7d358', time: '2018-11-14T08:17:03'
System info: host: 'sivarajs-MacBook-Air.local', ip: 'fe80:0:0:0:1833:886e:a295:eb15%en0', os.name: 'Mac OS X', os.arch: 'aarch64', os.version: '13.5.2', java.version: '17.0.5'
Driver info: org.openqa.selenium.chrome.ChromeDriver
Capabilities {acceptInsecureCerts: false, browserName: chrome, browserVersion: 126.0.6478.127, chrome: {chromedriverVersion: 126.0.6478.126 (d36ace6122e..., userDataDir: /var/folders/dt/60xjg_xj33b...}, fedcm:accounts: true, goog:chromeOptions: {debuggerAddress: localhost:50411}, javascriptEnabled: true, networkConnectionEnabled: false, pageLoadStrategy: normal, platform: MAC, platformName: MAC, proxy: Proxy(), setWindowRect: true, strictFileInteractability: false, timeouts: {implicit: 0, pageLoad: 300000, script: 30000}, unhandledPromptBehavior: dismiss and notify, webauthn:extension:credBlob: true, webauthn:extension:largeBlob: true, webauthn:extension:minPinLength: true, webauthn:extension:prf: true, webauthn:virtualAuthenticators: true}
Session ID: a546f056a968ecc93c81b85bd3988b3b
*** Element info: {Using=xpath, value=(//input[@id='DemoA'])[2]}
at org.openqa.selenium.remote.http.W3CHttpResponseCodec.createException(W3CHttpResponseCodec.java:187)
at org.openqa.selenium.remote.http.W3CHttpResponseCodec.decode(W3CHttpResponseCodec.java:122)
at org.openqa.selenium.remote.http.W3CHttpResponseCodec.decode(W3CHttpResponseCodec.java:49)
at org.openqa.selenium.remote.HttpCommandExecutor.execute(HttpCommandExecutor.java:158)
at org.openqa.selenium.remote.service.DriverCommandExecutor.execute(DriverCommandExecutor.java:83)
at org.openqa.selenium.remote.RemoteWebDriver.execute(RemoteWebDriver.java:552)
at org.openqa.selenium.remote.RemoteWebDriver.findElement(RemoteWebDriver.java:323)
at org.openqa.selenium.remote.RemoteWebDriver.findElementByXPath(RemoteWebDriver.java:428)
at org.openqa.selenium.By$ByXPath.findElement(By.java:353)
at org.openqa.selenium.remote.RemoteWebDriver.findElement(RemoteWebDriver.java:315)
at pageObjects.UserUpdate.userslist(UserUpdate.java:97)
at testcase.User_Update.userUpdation(User_Update.java:17)
at java.base/java.util.ArrayList.forEach(ArrayList.java:1511)
... Removed 32 stack frames]]>
    </failure>
  </testcase> <!-- userUpdation -->
  <testcase classname="testcase.Role_Creation" name="role_creation" time="1.278"/>
  <testcase classname="testcase.Role_Creation" name="roleCreation" time="9.789"/>
  <testcase classname="testcase.Role_Creation" name="roleCreation" time="11.392"/>
  <testcase classname="testcase.Role_Creation" name="roleCreation" time="11.42"/>
  <testcase classname="testcase.Role_Creation" name="roleCreation" time="10.688"/>
  <testcase classname="testcase.Role_Creation" name="roleCreation" time="10.933"/>
  <testcase classname="testcase.Rule_master" name="rule_Mas" time="4.27"/>
  <testcase classname="testcase.Rule_master" name="rule_master" time="25.961"/>
  <testcase classname="testcase.Rule_master" name="rule_master" time="23.668"/>
  <testcase classname="testcase.Rule_master" name="rule_master" time="28.32"/>
  <testcase classname="testcase.Rule_master" name="rule_master" time="14.02"/>
  <testcase classname="testcase.Rule_master" name="rule_master" time="14.038"/>
  <testcase classname="testcase.Manual_uploading" name="manual_Uploading" time="27.865"/>
  <testcase classname="testcase.Email_config" name="emailConfig" time="39.602"/>
  <testcase classname="testcase.Target_config" name="targetconfig" time="16.484"/>
  <testcase classname="testcase.Profile_page" name="settingsProfile" time="1.193"/>
  <testcase classname="testcase.Profile_page" name="profilePage" time="6.141"/>
  <testcase classname="testcase.Profile_page" name="profilePage" time="5.198"/>
  <testcase classname="testcase.Profile_page" name="password" time="4.187"/>
  <testcase classname="testcase.Id_Configuration" name="idConfig" time="23.078"/>
  <testcase classname="testcase.Email_template" name="emailTemplate" time="17.375"/>
  <testcase classname="testcase.Folder_config" name="folderConfig" time="42.392"/>
  <testcase classname="testcase.Priority_Configuration" name="priorityConfig" time="11.417"/>
  <testcase classname="testcase.Invoice_List" name="Invoicelist" time="84.128">
    <failure type="org.openqa.selenium.TimeoutException" message="Expected condition failed: waiting for element to be clickable: By.xpath: //button[normalize-space()=&amp;apos;Task&amp;apos;] (tried for 40 second(s) with 500 milliseconds interval)">
      <![CDATA[org.openqa.selenium.TimeoutException: Expected condition failed: waiting for element to be clickable: By.xpath: //button[normalize-space()='Task'] (tried for 40 second(s) with 500 milliseconds interval)
at org.openqa.selenium.support.ui.WebDriverWait.timeoutException(WebDriverWait.java:95)
at org.openqa.selenium.support.ui.FluentWait.until(FluentWait.java:272)
at pageObjects.InvoiceList.taskCreation(InvoiceList.java:201)
at testcase.Invoice_List.Invoicelist(Invoice_List.java:25)
at java.base/java.util.ArrayList.forEach(ArrayList.java:1511)
Caused by: org.openqa.selenium.NoSuchElementException: no such element: Unable to locate element: {"method":"xpath","selector":"//button[normalize-space()='Task']"}
  (Session info: chrome=126.0.6478.127)
For documentation on this error, please visit: https://www.seleniumhq.org/exceptions/no_such_element.html
Build info: version: '3.141.59', revision: 'e82be7d358', time: '2018-11-14T08:17:03'
System info: host: 'sivarajs-MacBook-Air.local', ip: 'fe80:0:0:0:1833:886e:a295:eb15%en0', os.name: 'Mac OS X', os.arch: 'aarch64', os.version: '13.5.2', java.version: '17.0.5'
Driver info: org.openqa.selenium.chrome.ChromeDriver
Capabilities {acceptInsecureCerts: false, browserName: chrome, browserVersion: 126.0.6478.127, chrome: {chromedriverVersion: 126.0.6478.126 (d36ace6122e..., userDataDir: /var/folders/dt/60xjg_xj33b...}, fedcm:accounts: true, goog:chromeOptions: {debuggerAddress: localhost:50795}, javascriptEnabled: true, networkConnectionEnabled: false, pageLoadStrategy: normal, platform: MAC, platformName: MAC, proxy: Proxy(), setWindowRect: true, strictFileInteractability: false, timeouts: {implicit: 0, pageLoad: 300000, script: 30000}, unhandledPromptBehavior: dismiss and notify, webauthn:extension:credBlob: true, webauthn:extension:largeBlob: true, webauthn:extension:minPinLength: true, webauthn:extension:prf: true, webauthn:virtualAuthenticators: true}
Session ID: aa6c25e21602faf8b2f528953fda874e
*** Element info: {Using=xpath, value=//button[normalize-space()='Task']}
at org.openqa.selenium.remote.http.W3CHttpResponseCodec.createException(W3CHttpResponseCodec.java:187)
at org.openqa.selenium.remote.http.W3CHttpResponseCodec.decode(W3CHttpResponseCodec.java:122)
at org.openqa.selenium.remote.http.W3CHttpResponseCodec.decode(W3CHttpResponseCodec.java:49)
at org.openqa.selenium.remote.HttpCommandExecutor.execute(HttpCommandExecutor.java:158)
at org.openqa.selenium.remote.service.DriverCommandExecutor.execute(DriverCommandExecutor.java:83)
at org.openqa.selenium.remote.RemoteWebDriver.execute(RemoteWebDriver.java:552)
at org.openqa.selenium.remote.RemoteWebDriver.findElement(RemoteWebDriver.java:323)
at org.openqa.selenium.remote.RemoteWebDriver.findElementByXPath(RemoteWebDriver.java:428)
at org.openqa.selenium.By$ByXPath.findElement(By.java:353)
at org.openqa.selenium.remote.RemoteWebDriver.findElement(RemoteWebDriver.java:315)
at org.openqa.selenium.support.ui.ExpectedConditions$7.apply(ExpectedConditions.java:205)
at org.openqa.selenium.support.ui.ExpectedConditions$7.apply(ExpectedConditions.java:201)
at org.openqa.selenium.support.ui.ExpectedConditions$22.apply(ExpectedConditions.java:641)
at org.openqa.selenium.support.ui.ExpectedConditions$22.apply(ExpectedConditions.java:638)
at org.openqa.selenium.support.ui.FluentWait.until(FluentWait.java:249)
... 30 more
... Removed 32 stack frames]]>
    </failure>
  </testcase> <!-- Invoicelist -->
  <testcase classname="testcase.Document_typeSetup" name="docsetUP" time="16.817"/>
  <testcase classname="testcase.Transfer_ownership" name="transferownership" time="6.673">
    <failure type="org.openqa.selenium.ElementClickInterceptedException" message="element click intercepted: Element &amp;lt;button class=&amp;quot;bg-light-20 px-[34px] py-2 text-base text-white rounded-[8px] &amp;quot; title=&amp;quot;...&amp;quot;&amp;gt;Save&amp;lt;/button&amp;gt; is not clickable at point (572, 434). Other element would receive the click: &amp;lt;ul class=&amp;quot;MuiList-root MuiList-padding MuiMenu-list css-r8u8y9&amp;quot; role=&amp;quot;listbox&amp;quot; tabindex=&amp;quot;-1&amp;quot;&amp;gt;...&amp;lt;/ul&amp;gt;
  (Session info: chrome=126.0.6478.127)
Build info: version: &amp;apos;3.141.59&amp;apos;, revision: &amp;apos;e82be7d358&amp;apos;, time: &amp;apos;2018-11-14T08:17:03&amp;apos;
System info: host: &amp;apos;sivarajs-MacBook-Air.local&amp;apos;, ip: &amp;apos;fe80:0:0:0:1833:886e:a295:eb15%en0&amp;apos;, os.name: &amp;apos;Mac OS X&amp;apos;, os.arch: &amp;apos;aarch64&amp;apos;, os.version: &amp;apos;13.5.2&amp;apos;, java.version: &amp;apos;17.0.5&amp;apos;
Driver info: org.openqa.selenium.chrome.ChromeDriver
Capabilities {acceptInsecureCerts: false, browserName: chrome, browserVersion: 126.0.6478.127, chrome: {chromedriverVersion: 126.0.6478.126 (d36ace6122e..., userDataDir: /var/folders/dt/60xjg_xj33b...}, fedcm:accounts: true, goog:chromeOptions: {debuggerAddress: localhost:50858}, javascriptEnabled: true, networkConnectionEnabled: false, pageLoadStrategy: normal, platform: MAC, platformName: MAC, proxy: Proxy(), setWindowRect: true, strictFileInteractability: false, timeouts: {implicit: 0, pageLoad: 300000, script: 30000}, unhandledPromptBehavior: dismiss and notify, webauthn:extension:credBlob: true, webauthn:extension:largeBlob: true, webauthn:extension:minPinLength: true, webauthn:extension:prf: true, webauthn:virtualAuthenticators: true}
Session ID: fdc838ecd3aabb11337bcc3d59e7e5d4">
      <![CDATA[org.openqa.selenium.ElementClickInterceptedException: element click intercepted: Element <button class="bg-light-20 px-[34px] py-2 text-base text-white rounded-[8px] " title="...">Save</button> is not clickable at point (572, 434). Other element would receive the click: <ul class="MuiList-root MuiList-padding MuiMenu-list css-r8u8y9" role="listbox" tabindex="-1">...</ul>
  (Session info: chrome=126.0.6478.127)
Build info: version: '3.141.59', revision: 'e82be7d358', time: '2018-11-14T08:17:03'
System info: host: 'sivarajs-MacBook-Air.local', ip: 'fe80:0:0:0:1833:886e:a295:eb15%en0', os.name: 'Mac OS X', os.arch: 'aarch64', os.version: '13.5.2', java.version: '17.0.5'
Driver info: org.openqa.selenium.chrome.ChromeDriver
Capabilities {acceptInsecureCerts: false, browserName: chrome, browserVersion: 126.0.6478.127, chrome: {chromedriverVersion: 126.0.6478.126 (d36ace6122e..., userDataDir: /var/folders/dt/60xjg_xj33b...}, fedcm:accounts: true, goog:chromeOptions: {debuggerAddress: localhost:50858}, javascriptEnabled: true, networkConnectionEnabled: false, pageLoadStrategy: normal, platform: MAC, platformName: MAC, proxy: Proxy(), setWindowRect: true, strictFileInteractability: false, timeouts: {implicit: 0, pageLoad: 300000, script: 30000}, unhandledPromptBehavior: dismiss and notify, webauthn:extension:credBlob: true, webauthn:extension:largeBlob: true, webauthn:extension:minPinLength: true, webauthn:extension:prf: true, webauthn:virtualAuthenticators: true}
Session ID: fdc838ecd3aabb11337bcc3d59e7e5d4
at org.openqa.selenium.remote.http.W3CHttpResponseCodec.createException(W3CHttpResponseCodec.java:187)
at org.openqa.selenium.remote.http.W3CHttpResponseCodec.decode(W3CHttpResponseCodec.java:122)
at org.openqa.selenium.remote.http.W3CHttpResponseCodec.decode(W3CHttpResponseCodec.java:49)
at org.openqa.selenium.remote.HttpCommandExecutor.execute(HttpCommandExecutor.java:158)
at org.openqa.selenium.remote.service.DriverCommandExecutor.execute(DriverCommandExecutor.java:83)
at org.openqa.selenium.remote.RemoteWebDriver.execute(RemoteWebDriver.java:552)
at org.openqa.selenium.remote.RemoteWebElement.execute(RemoteWebElement.java:285)
at org.openqa.selenium.remote.RemoteWebElement.click(RemoteWebElement.java:84)
at org.openqa.selenium.support.pagefactory.internal.LocatingElementHandler.invoke(LocatingElementHandler.java:51)
at jdk.proxy2/jdk.proxy2.$Proxy14.click(Unknown Source)
at pageObjects.TransferOwnership.savebutton(TransferOwnership.java:79)
at testcase.Transfer_ownership.transferownership(Transfer_ownership.java:16)
at java.base/java.util.ArrayList.forEach(ArrayList.java:1511)
... Removed 35 stack frames]]>
    </failure>
  </testcase> <!-- transferownership -->
  <testcase classname="testcase.Remove_Demo_data" name="removeDemoData" time="11.433"/>
  <testcase classname="testcase.Accrual_AutomationConfig" name="accrualautomationConfig" time="25.728">
    <failure type="org.openqa.selenium.ElementClickInterceptedException" message="element click intercepted: Element &amp;lt;button class=&amp;quot;bg-light-20 text-white text-base rounded-[8px] py-2 px-7&amp;quot; title=&amp;quot;...&amp;quot;&amp;gt;Save&amp;lt;/button&amp;gt; is not clickable at point (191, 593). Other element would receive the click: &amp;lt;li class=&amp;quot;MuiButtonBase-root MuiMenuItem-root MuiMenuItem-gutters MuiMenuItem-root MuiMenuItem-gutters css-1km1ehz&amp;quot; tabindex=&amp;quot;-1&amp;quot; role=&amp;quot;option&amp;quot; name=&amp;quot;debit_credit&amp;quot; aria-selected=&amp;quot;false&amp;quot; data-value=&amp;quot;2&amp;quot;&amp;gt;...&amp;lt;/li&amp;gt;
  (Session info: chrome=126.0.6478.127)
Build info: version: &amp;apos;3.141.59&amp;apos;, revision: &amp;apos;e82be7d358&amp;apos;, time: &amp;apos;2018-11-14T08:17:03&amp;apos;
System info: host: &amp;apos;sivarajs-MacBook-Air.local&amp;apos;, ip: &amp;apos;fe80:0:0:0:1833:886e:a295:eb15%en0&amp;apos;, os.name: &amp;apos;Mac OS X&amp;apos;, os.arch: &amp;apos;aarch64&amp;apos;, os.version: &amp;apos;13.5.2&amp;apos;, java.version: &amp;apos;17.0.5&amp;apos;
Driver info: org.openqa.selenium.chrome.ChromeDriver
Capabilities {acceptInsecureCerts: false, browserName: chrome, browserVersion: 126.0.6478.127, chrome: {chromedriverVersion: 126.0.6478.126 (d36ace6122e..., userDataDir: /var/folders/dt/60xjg_xj33b...}, fedcm:accounts: true, goog:chromeOptions: {debuggerAddress: localhost:50901}, javascriptEnabled: true, networkConnectionEnabled: false, pageLoadStrategy: normal, platform: MAC, platformName: MAC, proxy: Proxy(), setWindowRect: true, strictFileInteractability: false, timeouts: {implicit: 0, pageLoad: 300000, script: 30000}, unhandledPromptBehavior: dismiss and notify, webauthn:extension:credBlob: true, webauthn:extension:largeBlob: true, webauthn:extension:minPinLength: true, webauthn:extension:prf: true, webauthn:virtualAuthenticators: true}
Session ID: 218c6898ecff7bbfed43b43eca7e233c">
      <![CDATA[org.openqa.selenium.ElementClickInterceptedException: element click intercepted: Element <button class="bg-light-20 text-white text-base rounded-[8px] py-2 px-7" title="...">Save</button> is not clickable at point (191, 593). Other element would receive the click: <li class="MuiButtonBase-root MuiMenuItem-root MuiMenuItem-gutters MuiMenuItem-root MuiMenuItem-gutters css-1km1ehz" tabindex="-1" role="option" name="debit_credit" aria-selected="false" data-value="2">...</li>
  (Session info: chrome=126.0.6478.127)
Build info: version: '3.141.59', revision: 'e82be7d358', time: '2018-11-14T08:17:03'
System info: host: 'sivarajs-MacBook-Air.local', ip: 'fe80:0:0:0:1833:886e:a295:eb15%en0', os.name: 'Mac OS X', os.arch: 'aarch64', os.version: '13.5.2', java.version: '17.0.5'
Driver info: org.openqa.selenium.chrome.ChromeDriver
Capabilities {acceptInsecureCerts: false, browserName: chrome, browserVersion: 126.0.6478.127, chrome: {chromedriverVersion: 126.0.6478.126 (d36ace6122e..., userDataDir: /var/folders/dt/60xjg_xj33b...}, fedcm:accounts: true, goog:chromeOptions: {debuggerAddress: localhost:50901}, javascriptEnabled: true, networkConnectionEnabled: false, pageLoadStrategy: normal, platform: MAC, platformName: MAC, proxy: Proxy(), setWindowRect: true, strictFileInteractability: false, timeouts: {implicit: 0, pageLoad: 300000, script: 30000}, unhandledPromptBehavior: dismiss and notify, webauthn:extension:credBlob: true, webauthn:extension:largeBlob: true, webauthn:extension:minPinLength: true, webauthn:extension:prf: true, webauthn:virtualAuthenticators: true}
Session ID: 218c6898ecff7bbfed43b43eca7e233c
at org.openqa.selenium.remote.http.W3CHttpResponseCodec.createException(W3CHttpResponseCodec.java:187)
at org.openqa.selenium.remote.http.W3CHttpResponseCodec.decode(W3CHttpResponseCodec.java:122)
at org.openqa.selenium.remote.http.W3CHttpResponseCodec.decode(W3CHttpResponseCodec.java:49)
at org.openqa.selenium.remote.HttpCommandExecutor.execute(HttpCommandExecutor.java:158)
at org.openqa.selenium.remote.service.DriverCommandExecutor.execute(DriverCommandExecutor.java:83)
at org.openqa.selenium.remote.RemoteWebDriver.execute(RemoteWebDriver.java:552)
at org.openqa.selenium.remote.RemoteWebElement.execute(RemoteWebElement.java:285)
at org.openqa.selenium.remote.RemoteWebElement.click(RemoteWebElement.java:84)
at pageObjects.AccrualAutomationConfig.savebutton(AccrualAutomationConfig.java:185)
at testcase.Accrual_AutomationConfig.accrualautomationConfig(Accrual_AutomationConfig.java:27)
at java.base/java.util.ArrayList.forEach(ArrayList.java:1511)
... Removed 32 stack frames]]>
    </failure>
  </testcase> <!-- accrualautomationConfig -->
  <testcase classname="testcase.Month_Closing" name="monthclosing" time="6.366">
    <failure type="org.openqa.selenium.ElementNotInteractableException" message="element not interactable: element has zero size
  (Session info: chrome=126.0.6478.127)
Build info: version: &amp;apos;3.141.59&amp;apos;, revision: &amp;apos;e82be7d358&amp;apos;, time: &amp;apos;2018-11-14T08:17:03&amp;apos;
System info: host: &amp;apos;sivarajs-MacBook-Air.local&amp;apos;, ip: &amp;apos;fe80:0:0:0:1833:886e:a295:eb15%en0&amp;apos;, os.name: &amp;apos;Mac OS X&amp;apos;, os.arch: &amp;apos;aarch64&amp;apos;, os.version: &amp;apos;13.5.2&amp;apos;, java.version: &amp;apos;17.0.5&amp;apos;
Driver info: org.openqa.selenium.chrome.ChromeDriver
Capabilities {acceptInsecureCerts: false, browserName: chrome, browserVersion: 126.0.6478.127, chrome: {chromedriverVersion: 126.0.6478.126 (d36ace6122e..., userDataDir: /var/folders/dt/60xjg_xj33b...}, fedcm:accounts: true, goog:chromeOptions: {debuggerAddress: localhost:50926}, javascriptEnabled: true, networkConnectionEnabled: false, pageLoadStrategy: normal, platform: MAC, platformName: MAC, proxy: Proxy(), setWindowRect: true, strictFileInteractability: false, timeouts: {implicit: 0, pageLoad: 300000, script: 30000}, unhandledPromptBehavior: dismiss and notify, webauthn:extension:credBlob: true, webauthn:extension:largeBlob: true, webauthn:extension:minPinLength: true, webauthn:extension:prf: true, webauthn:virtualAuthenticators: true}
Session ID: 48fc24e30a210523c6fec285cebbcbcf">
      <![CDATA[org.openqa.selenium.ElementNotInteractableException: element not interactable: element has zero size
  (Session info: chrome=126.0.6478.127)
Build info: version: '3.141.59', revision: 'e82be7d358', time: '2018-11-14T08:17:03'
System info: host: 'sivarajs-MacBook-Air.local', ip: 'fe80:0:0:0:1833:886e:a295:eb15%en0', os.name: 'Mac OS X', os.arch: 'aarch64', os.version: '13.5.2', java.version: '17.0.5'
Driver info: org.openqa.selenium.chrome.ChromeDriver
Capabilities {acceptInsecureCerts: false, browserName: chrome, browserVersion: 126.0.6478.127, chrome: {chromedriverVersion: 126.0.6478.126 (d36ace6122e..., userDataDir: /var/folders/dt/60xjg_xj33b...}, fedcm:accounts: true, goog:chromeOptions: {debuggerAddress: localhost:50926}, javascriptEnabled: true, networkConnectionEnabled: false, pageLoadStrategy: normal, platform: MAC, platformName: MAC, proxy: Proxy(), setWindowRect: true, strictFileInteractability: false, timeouts: {implicit: 0, pageLoad: 300000, script: 30000}, unhandledPromptBehavior: dismiss and notify, webauthn:extension:credBlob: true, webauthn:extension:largeBlob: true, webauthn:extension:minPinLength: true, webauthn:extension:prf: true, webauthn:virtualAuthenticators: true}
Session ID: 48fc24e30a210523c6fec285cebbcbcf
at org.openqa.selenium.remote.http.W3CHttpResponseCodec.createException(W3CHttpResponseCodec.java:187)
at org.openqa.selenium.remote.http.W3CHttpResponseCodec.decode(W3CHttpResponseCodec.java:122)
at org.openqa.selenium.remote.http.W3CHttpResponseCodec.decode(W3CHttpResponseCodec.java:49)
at org.openqa.selenium.remote.HttpCommandExecutor.execute(HttpCommandExecutor.java:158)
at org.openqa.selenium.remote.service.DriverCommandExecutor.execute(DriverCommandExecutor.java:83)
at org.openqa.selenium.remote.RemoteWebDriver.execute(RemoteWebDriver.java:552)
at org.openqa.selenium.remote.RemoteWebElement.execute(RemoteWebElement.java:285)
at org.openqa.selenium.remote.RemoteWebElement.click(RemoteWebElement.java:84)
at org.openqa.selenium.support.pagefactory.internal.LocatingElementHandler.invoke(LocatingElementHandler.java:51)
at jdk.proxy2/jdk.proxy2.$Proxy14.click(Unknown Source)
at pageObjects.MonthClosing.monthclosingSideBar(MonthClosing.java:31)
at testcase.Month_Closing.monthclosing(Month_Closing.java:13)
at java.base/java.util.ArrayList.forEach(ArrayList.java:1511)
... Removed 35 stack frames]]>
    </failure>
  </testcase> <!-- monthclosing -->
  <testcase classname="testcase.Task_Id" name="taskId" time="6.333"/>
  <testcase classname="testcase.Exchange_Rate" name="exchangerate" time="6.312">
    <failure type="org.openqa.selenium.ElementNotInteractableException" message="element not interactable: element has zero size
  (Session info: chrome=126.0.6478.127)
Build info: version: &amp;apos;3.141.59&amp;apos;, revision: &amp;apos;e82be7d358&amp;apos;, time: &amp;apos;2018-11-14T08:17:03&amp;apos;
System info: host: &amp;apos;sivarajs-MacBook-Air.local&amp;apos;, ip: &amp;apos;fe80:0:0:0:1833:886e:a295:eb15%en0&amp;apos;, os.name: &amp;apos;Mac OS X&amp;apos;, os.arch: &amp;apos;aarch64&amp;apos;, os.version: &amp;apos;13.5.2&amp;apos;, java.version: &amp;apos;17.0.5&amp;apos;
Driver info: org.openqa.selenium.chrome.ChromeDriver
Capabilities {acceptInsecureCerts: false, browserName: chrome, browserVersion: 126.0.6478.127, chrome: {chromedriverVersion: 126.0.6478.126 (d36ace6122e..., userDataDir: /var/folders/dt/60xjg_xj33b...}, fedcm:accounts: true, goog:chromeOptions: {debuggerAddress: localhost:50966}, javascriptEnabled: true, networkConnectionEnabled: false, pageLoadStrategy: normal, platform: MAC, platformName: MAC, proxy: Proxy(), setWindowRect: true, strictFileInteractability: false, timeouts: {implicit: 0, pageLoad: 300000, script: 30000}, unhandledPromptBehavior: dismiss and notify, webauthn:extension:credBlob: true, webauthn:extension:largeBlob: true, webauthn:extension:minPinLength: true, webauthn:extension:prf: true, webauthn:virtualAuthenticators: true}
Session ID: ba15b86b90d9e3cc9d42805df558c323">
      <![CDATA[org.openqa.selenium.ElementNotInteractableException: element not interactable: element has zero size
  (Session info: chrome=126.0.6478.127)
Build info: version: '3.141.59', revision: 'e82be7d358', time: '2018-11-14T08:17:03'
System info: host: 'sivarajs-MacBook-Air.local', ip: 'fe80:0:0:0:1833:886e:a295:eb15%en0', os.name: 'Mac OS X', os.arch: 'aarch64', os.version: '13.5.2', java.version: '17.0.5'
Driver info: org.openqa.selenium.chrome.ChromeDriver
Capabilities {acceptInsecureCerts: false, browserName: chrome, browserVersion: 126.0.6478.127, chrome: {chromedriverVersion: 126.0.6478.126 (d36ace6122e..., userDataDir: /var/folders/dt/60xjg_xj33b...}, fedcm:accounts: true, goog:chromeOptions: {debuggerAddress: localhost:50966}, javascriptEnabled: true, networkConnectionEnabled: false, pageLoadStrategy: normal, platform: MAC, platformName: MAC, proxy: Proxy(), setWindowRect: true, strictFileInteractability: false, timeouts: {implicit: 0, pageLoad: 300000, script: 30000}, unhandledPromptBehavior: dismiss and notify, webauthn:extension:credBlob: true, webauthn:extension:largeBlob: true, webauthn:extension:minPinLength: true, webauthn:extension:prf: true, webauthn:virtualAuthenticators: true}
Session ID: ba15b86b90d9e3cc9d42805df558c323
at org.openqa.selenium.remote.http.W3CHttpResponseCodec.createException(W3CHttpResponseCodec.java:187)
at org.openqa.selenium.remote.http.W3CHttpResponseCodec.decode(W3CHttpResponseCodec.java:122)
at org.openqa.selenium.remote.http.W3CHttpResponseCodec.decode(W3CHttpResponseCodec.java:49)
at org.openqa.selenium.remote.HttpCommandExecutor.execute(HttpCommandExecutor.java:158)
at org.openqa.selenium.remote.service.DriverCommandExecutor.execute(DriverCommandExecutor.java:83)
at org.openqa.selenium.remote.RemoteWebDriver.execute(RemoteWebDriver.java:552)
at org.openqa.selenium.remote.RemoteWebElement.execute(RemoteWebElement.java:285)
at org.openqa.selenium.remote.RemoteWebElement.click(RemoteWebElement.java:84)
at org.openqa.selenium.support.pagefactory.internal.LocatingElementHandler.invoke(LocatingElementHandler.java:51)
at jdk.proxy2/jdk.proxy2.$Proxy14.click(Unknown Source)
at pageObjects.ExchangeRate.exchangerateSideBar(ExchangeRate.java:36)
at testcase.Exchange_Rate.exchangerate(Exchange_Rate.java:12)
at java.base/java.util.ArrayList.forEach(ArrayList.java:1511)
... Removed 35 stack frames]]>
    </failure>
  </testcase> <!-- exchangerate -->
  <testcase classname="base.Base_test" name="@AfterTest driverQuit" time="0.0">
    <ignored/>
  </testcase> <!-- @AfterTest driverQuit -->
  <testcase classname="base.Base_test" name="@AfterTest driverQuit" time="0.0">
    <ignored/>
  </testcase> <!-- @AfterTest driverQuit -->
  <testcase classname="base.Base_test" name="@AfterTest driverQuit" time="0.0">
    <ignored/>
  </testcase> <!-- @AfterTest driverQuit -->
  <testcase classname="base.Base_test" name="@AfterTest driverQuit" time="0.0">
    <ignored/>
  </testcase> <!-- @AfterTest driverQuit -->
  <testcase classname="base.Base_test" name="@AfterTest driverQuit" time="0.0">
    <ignored/>
  </testcase> <!-- @AfterTest driverQuit -->
  <testcase classname="base.Base_test" name="@AfterTest driverQuit" time="0.0">
    <ignored/>
  </testcase> <!-- @AfterTest driverQuit -->
  <testcase classname="base.Base_test" name="@AfterTest driverQuit" time="0.0">
    <ignored/>
  </testcase> <!-- @AfterTest driverQuit -->
  <testcase classname="base.Base_test" name="@AfterTest driverQuit" time="0.0">
    <ignored/>
  </testcase> <!-- @AfterTest driverQuit -->
  <testcase classname="base.Base_test" name="@AfterTest driverQuit" time="0.0">
    <ignored/>
  </testcase> <!-- @AfterTest driverQuit -->
  <testcase classname="base.Base_test" name="@AfterTest driverQuit" time="0.0">
    <ignored/>
  </testcase> <!-- @AfterTest driverQuit -->
  <testcase classname="base.Base_test" name="@AfterTest driverQuit" time="0.0">
    <ignored/>
  </testcase> <!-- @AfterTest driverQuit -->
  <testcase classname="base.Base_test" name="@AfterTest driverQuit" time="0.0">
    <ignored/>
  </testcase> <!-- @AfterTest driverQuit -->
  <testcase classname="base.Base_test" name="@AfterTest driverQuit" time="0.0">
    <ignored/>
  </testcase> <!-- @AfterTest driverQuit -->
  <testcase classname="base.Base_test" name="@AfterTest driverQuit" time="0.0">
    <ignored/>
  </testcase> <!-- @AfterTest driverQuit -->
  <testcase classname="base.Base_test" name="@AfterTest driverQuit" time="0.0">
    <ignored/>
  </testcase> <!-- @AfterTest driverQuit -->
  <testcase classname="base.Base_test" name="@AfterTest driverQuit" time="0.0">
    <ignored/>
  </testcase> <!-- @AfterTest driverQuit -->
  <testcase classname="base.Base_test" name="@AfterTest driverQuit" time="0.0">
    <ignored/>
  </testcase> <!-- @AfterTest driverQuit -->
  <testcase classname="base.Base_test" name="@AfterTest driverQuit" time="0.0">
    <ignored/>
  </testcase> <!-- @AfterTest driverQuit -->
  <testcase classname="base.Base_test" name="@AfterTest driverQuit" time="0.0">
    <ignored/>
  </testcase> <!-- @AfterTest driverQuit -->
  <testcase classname="base.Base_test" name="@AfterTest driverQuit" time="0.0">
    <ignored/>
  </testcase> <!-- @AfterTest driverQuit -->
  <testcase classname="base.Base_test" name="@AfterTest driverQuit" time="0.0">
    <ignored/>
  </testcase> <!-- @AfterTest driverQuit -->
</testsuite> <!-- Test1 -->
